
image:     file format elf32-lm32

Sections:
Idx Name          Size      VMA       LMA       File off  Algn
  0 .text         00001570  00000000  00000000  00000054  2**2
                  CONTENTS, ALLOC, LOAD, CODE
  1 .rodata       00000024  00001570  00001570  000015c4  2**2
                  CONTENTS, ALLOC, LOAD, READONLY, DATA
  2 .data         0000001c  00001594  00001594  000015e8  2**2
                  CONTENTS, ALLOC, LOAD, DATA
  3 .bss          00000004  000015b0  000015b0  00001604  2**2
                  ALLOC
  4 .comment      00000011  00000000  00000000  00001604  2**0
                  CONTENTS, READONLY

Disassembly of section .text:

00000000 <_ftext>:
       0:	98 00 00 00 	xor r0,r0,r0
       4:	d0 00 00 00 	wcsr IE,r0
       8:	78 01 00 00 	mvhi r1,0x0
       c:	38 21 00 00 	ori r1,r1,0x0
      10:	d0 e1 00 00 	wcsr EBA,r1
      14:	f8 00 00 3b 	calli 100 <_crt0>
      18:	34 00 00 00 	nop
      1c:	34 00 00 00 	nop

00000020 <_breakpoint_handler>:
      20:	34 00 00 00 	nop
      24:	34 00 00 00 	nop
      28:	34 00 00 00 	nop
      2c:	34 00 00 00 	nop
      30:	34 00 00 00 	nop
      34:	34 00 00 00 	nop
      38:	34 00 00 00 	nop
      3c:	34 00 00 00 	nop

00000040 <_ibuserror_handler>:
      40:	34 00 00 00 	nop
      44:	34 00 00 00 	nop
      48:	34 00 00 00 	nop
      4c:	34 00 00 00 	nop
      50:	34 00 00 00 	nop
      54:	34 00 00 00 	nop
      58:	34 00 00 00 	nop
      5c:	34 00 00 00 	nop

00000060 <_watchpoint_handler>:
      60:	34 00 00 00 	nop
      64:	34 00 00 00 	nop
      68:	34 00 00 00 	nop
      6c:	34 00 00 00 	nop
      70:	34 00 00 00 	nop
      74:	34 00 00 00 	nop
      78:	34 00 00 00 	nop
      7c:	34 00 00 00 	nop

00000080 <_dbuserror_handler>:
      80:	34 00 00 00 	nop
      84:	34 00 00 00 	nop
      88:	34 00 00 00 	nop
      8c:	34 00 00 00 	nop
      90:	34 00 00 00 	nop
      94:	34 00 00 00 	nop
      98:	34 00 00 00 	nop
      9c:	34 00 00 00 	nop

000000a0 <_divzero_handler>:
      a0:	34 00 00 00 	nop
      a4:	34 00 00 00 	nop
      a8:	34 00 00 00 	nop
      ac:	34 00 00 00 	nop
      b0:	34 00 00 00 	nop
      b4:	34 00 00 00 	nop
      b8:	34 00 00 00 	nop
      bc:	34 00 00 00 	nop

000000c0 <_interrupt_handler>:
      c0:	5b 9d 00 00 	sw (sp+0),ra
      c4:	f8 00 00 2b 	calli 170 <_save_all>
      c8:	90 40 08 00 	rcsr r1,IP
      cc:	f8 00 05 23 	calli 1558 <irq_handler>
      d0:	78 01 ff ff 	mvhi r1,0xffff
      d4:	38 21 ff ff 	ori r1,r1,0xffff
      d8:	d0 41 00 00 	wcsr IP,r1
      dc:	e0 00 00 38 	bi 1bc <_restore_all_and_eret>

000000e0 <_scall_handler>:
      e0:	34 00 00 00 	nop
      e4:	34 00 00 00 	nop
      e8:	34 00 00 00 	nop
      ec:	34 00 00 00 	nop
      f0:	34 00 00 00 	nop
      f4:	34 00 00 00 	nop
      f8:	34 00 00 00 	nop
      fc:	34 00 00 00 	nop

00000100 <_crt0>:
     100:	78 1c 00 00 	mvhi sp,0x0
     104:	3b 9c 3f fc 	ori sp,sp,0x3ffc
     108:	78 1a 00 00 	mvhi gp,0x0
     10c:	3b 5a 15 b0 	ori gp,gp,0x15b0
     110:	78 01 00 00 	mvhi r1,0x0
     114:	38 21 15 b0 	ori r1,r1,0x15b0
     118:	78 03 00 00 	mvhi r3,0x0
     11c:	38 63 15 b4 	ori r3,r3,0x15b4

00000120 <.clearBSS>:
     120:	44 23 00 04 	be r1,r3,130 <.callMain>
     124:	58 20 00 00 	sw (r1+0),r0
     128:	34 21 00 04 	addi r1,r1,4
     12c:	e3 ff ff fd 	bi 120 <.clearBSS>

00000130 <.callMain>:
     130:	34 01 00 00 	mvi r1,0
     134:	34 02 00 00 	mvi r2,0
     138:	34 03 00 00 	mvi r3,0
     13c:	f8 00 00 3e 	calli 234 <main>

00000140 <irq_enable>:
     140:	34 01 00 01 	mvi r1,1
     144:	d0 01 00 00 	wcsr IE,r1
     148:	c3 a0 00 00 	ret

0000014c <irq_disable>:
     14c:	34 01 00 00 	mvi r1,0
     150:	d0 01 00 00 	wcsr IE,r1
     154:	c3 a0 00 00 	ret

00000158 <irq_set_mask>:
     158:	d0 21 00 00 	wcsr IM,r1
     15c:	c3 a0 00 00 	ret

00000160 <irq_get_mask>:
     160:	90 20 08 00 	rcsr r1,IM
     164:	c3 a0 00 00 	ret

00000168 <jump>:
     168:	c0 20 00 00 	b r1

0000016c <halt>:
     16c:	e0 00 00 00 	bi 16c <halt>

00000170 <_save_all>:
     170:	37 9c ff 80 	addi sp,sp,-128
     174:	5b 81 00 04 	sw (sp+4),r1
     178:	5b 82 00 08 	sw (sp+8),r2
     17c:	5b 83 00 0c 	sw (sp+12),r3
     180:	5b 84 00 10 	sw (sp+16),r4
     184:	5b 85 00 14 	sw (sp+20),r5
     188:	5b 86 00 18 	sw (sp+24),r6
     18c:	5b 87 00 1c 	sw (sp+28),r7
     190:	5b 88 00 20 	sw (sp+32),r8
     194:	5b 89 00 24 	sw (sp+36),r9
     198:	5b 8a 00 28 	sw (sp+40),r10
     19c:	5b 9e 00 78 	sw (sp+120),ea
     1a0:	5b 9f 00 7c 	sw (sp+124),ba
     1a4:	2b 81 00 80 	lw r1,(sp+128)
     1a8:	5b 81 00 74 	sw (sp+116),r1
     1ac:	bb 80 08 00 	mv r1,sp
     1b0:	34 21 00 80 	addi r1,r1,128
     1b4:	5b 81 00 70 	sw (sp+112),r1
     1b8:	c3 a0 00 00 	ret

000001bc <_restore_all_and_eret>:
     1bc:	2b 81 00 04 	lw r1,(sp+4)
     1c0:	2b 82 00 08 	lw r2,(sp+8)
     1c4:	2b 83 00 0c 	lw r3,(sp+12)
     1c8:	2b 84 00 10 	lw r4,(sp+16)
     1cc:	2b 85 00 14 	lw r5,(sp+20)
     1d0:	2b 86 00 18 	lw r6,(sp+24)
     1d4:	2b 87 00 1c 	lw r7,(sp+28)
     1d8:	2b 88 00 20 	lw r8,(sp+32)
     1dc:	2b 89 00 24 	lw r9,(sp+36)
     1e0:	2b 8a 00 28 	lw r10,(sp+40)
     1e4:	2b 9d 00 74 	lw ra,(sp+116)
     1e8:	2b 9e 00 78 	lw ea,(sp+120)
     1ec:	2b 9f 00 7c 	lw ba,(sp+124)
     1f0:	2b 9c 00 70 	lw sp,(sp+112)
     1f4:	c3 c0 00 00 	eret

000001f8 <get_sp>:
     1f8:	bb 80 08 00 	mv r1,sp
     1fc:	c3 a0 00 00 	ret

00000200 <get_gp>:
     200:	bb 40 08 00 	mv r1,gp
     204:	c3 a0 00 00 	ret

00000208 <gpio_isr>:
     208:	37 9c ff fc 	addi sp,sp,-4
     20c:	5b 9d 00 04 	sw (sp+4),ra
     210:	78 01 00 00 	mvhi r1,0x0
     214:	38 21 15 b0 	ori r1,r1,0x15b0
     218:	28 21 00 00 	lw r1,(r1+0)
     21c:	34 02 00 01 	mvi r2,1
     220:	58 22 00 00 	sw (r1+0),r2
     224:	f8 00 04 c8 	calli 1544 <get_gpioout>
     228:	2b 9d 00 04 	lw ra,(sp+4)
     22c:	37 9c 00 04 	addi sp,sp,4
     230:	c3 a0 00 00 	ret

00000234 <main>:
     234:	37 9c ff ac 	addi sp,sp,-84
     238:	5b 8b 00 44 	sw (sp+68),r11
     23c:	5b 8c 00 40 	sw (sp+64),r12
     240:	5b 8d 00 3c 	sw (sp+60),r13
     244:	5b 8e 00 38 	sw (sp+56),r14
     248:	5b 8f 00 34 	sw (sp+52),r15
     24c:	5b 90 00 30 	sw (sp+48),r16
     250:	5b 91 00 2c 	sw (sp+44),r17
     254:	5b 92 00 28 	sw (sp+40),r18
     258:	5b 93 00 24 	sw (sp+36),r19
     25c:	5b 94 00 20 	sw (sp+32),r20
     260:	5b 95 00 1c 	sw (sp+28),r21
     264:	5b 96 00 18 	sw (sp+24),r22
     268:	5b 97 00 14 	sw (sp+20),r23
     26c:	5b 98 00 10 	sw (sp+16),r24
     270:	5b 99 00 0c 	sw (sp+12),r25
     274:	5b 9b 00 08 	sw (sp+8),fp
     278:	5b 9d 00 04 	sw (sp+4),ra
     27c:	78 0b 00 00 	mvhi r11,0x0
     280:	39 6b 15 b0 	ori r11,r11,0x15b0
     284:	29 61 00 00 	lw r1,(r11+0)
     288:	34 0c 00 00 	mvi r12,0
     28c:	b9 80 68 00 	mv r13,r12
     290:	58 2c 00 00 	sw (r1+0),r12
     294:	fb ff ff ab 	calli 140 <irq_enable>
     298:	34 01 00 02 	mvi r1,2
     29c:	fb ff ff af 	calli 158 <irq_set_mask>
     2a0:	34 01 00 02 	mvi r1,2
     2a4:	34 02 00 01 	mvi r2,1
     2a8:	f8 00 04 86 	calli 14c0 <ADC_Instruction>
     2ac:	f8 00 04 71 	calli 1470 <pwm_195khz>
     2b0:	f8 00 02 65 	calli c44 <LCD_Clean>
     2b4:	f8 00 04 13 	calli 1300 <Effects_Clean>
     2b8:	34 01 00 01 	mvi r1,1
     2bc:	f8 00 04 24 	calli 134c <Effects_delay1>
     2c0:	29 61 00 00 	lw r1,(r11+0)
     2c4:	5b 8c 00 48 	sw (sp+72),r12
     2c8:	34 0e 00 02 	mvi r14,2
     2cc:	28 21 00 00 	lw r1,(r1+0)
     2d0:	34 16 00 64 	mvi r22,100
     2d4:	34 17 00 c8 	mvi r23,200
     2d8:	34 1b 01 2c 	mvi fp,300
     2dc:	34 19 01 5e 	mvi r25,350
     2e0:	34 18 01 90 	mvi r24,400
     2e4:	34 0f 03 e8 	mvi r15,1000
     2e8:	34 15 07 d0 	mvi r21,2000
     2ec:	34 14 0b b8 	mvi r20,3000
     2f0:	34 13 0f a0 	mvi r19,4000
     2f4:	34 12 13 88 	mvi r18,5000
     2f8:	34 11 17 70 	mvi r17,6000
     2fc:	34 10 1b 58 	mvi r16,7000
     300:	5c 20 00 05 	bne r1,r0,314 <main+0xe0>
     304:	f8 00 01 01 	calli 708 <LCD_none>
     308:	29 61 00 00 	lw r1,(r11+0)
     30c:	28 21 00 00 	lw r1,(r1+0)
     310:	44 20 ff fd 	be r1,r0,304 <main+0xd0>
     314:	f8 00 04 8c 	calli 1544 <get_gpioout>
     318:	5b 81 00 50 	sw (sp+80),r1
     31c:	f8 00 03 7e 	calli 1114 <Eff_Status>
     320:	29 62 00 00 	lw r2,(r11+0)
     324:	5b 81 00 4c 	sw (sp+76),r1
     328:	58 4d 00 00 	sw (r2+0),r13
     32c:	2b 8c 00 50 	lw r12,(sp+80)
     330:	45 8e 00 22 	be r12,r14,3b8 <main+0x184>
     334:	55 8e 00 08 	bgu r12,r14,354 <main+0x120>
     338:	34 01 00 01 	mvi r1,1
     33c:	45 81 00 62 	be r12,r1,4c4 <main+0x290>
     340:	34 01 00 01 	mvi r1,1
     344:	f8 00 02 89 	calli d68 <LCD_delay>
     348:	29 61 00 00 	lw r1,(r11+0)
     34c:	28 21 00 00 	lw r1,(r1+0)
     350:	e3 ff ff ec 	bi 300 <main+0xcc>
     354:	34 01 00 03 	mvi r1,3
     358:	45 81 00 05 	be r12,r1,36c <main+0x138>
     35c:	34 01 00 04 	mvi r1,4
     360:	5d 81 ff f8 	bne r12,r1,340 <main+0x10c>
     364:	34 01 00 00 	mvi r1,0
     368:	e3 ff ff e6 	bi 300 <main+0xcc>
     36c:	2b 82 00 48 	lw r2,(sp+72)
     370:	2b 81 00 4c 	lw r1,(sp+76)
     374:	64 42 00 00 	cmpei r2,r2,0
     378:	64 21 00 02 	cmpei r1,r1,2
     37c:	a0 22 08 00 	and r1,r1,r2
     380:	5c 20 00 c8 	bne r1,r0,6a0 <main+0x46c>
     384:	2b 82 00 48 	lw r2,(sp+72)
     388:	2b 81 00 4c 	lw r1,(sp+76)
     38c:	64 42 00 00 	cmpei r2,r2,0
     390:	64 21 00 04 	cmpei r1,r1,4
     394:	a0 22 08 00 	and r1,r1,r2
     398:	44 2d 00 92 	be r1,r13,5e0 <main+0x3ac>
     39c:	f8 00 02 2a 	calli c44 <LCD_Clean>
     3a0:	f8 00 03 d8 	calli 1300 <Effects_Clean>
     3a4:	29 62 00 00 	lw r2,(r11+0)
     3a8:	34 01 00 01 	mvi r1,1
     3ac:	5b 81 00 48 	sw (sp+72),r1
     3b0:	28 41 00 00 	lw r1,(r2+0)
     3b4:	e3 ff ff d3 	bi 300 <main+0xcc>
     3b8:	2b 82 00 48 	lw r2,(sp+72)
     3bc:	2b 81 00 4c 	lw r1,(sp+76)
     3c0:	64 42 00 00 	cmpei r2,r2,0
     3c4:	64 21 00 02 	cmpei r1,r1,2
     3c8:	a0 22 08 00 	and r1,r1,r2
     3cc:	5c 20 00 c7 	bne r1,r0,6e8 <main+0x4b4>
     3d0:	2b 82 00 48 	lw r2,(sp+72)
     3d4:	2b 81 00 4c 	lw r1,(sp+76)
     3d8:	64 42 00 00 	cmpei r2,r2,0
     3dc:	64 21 00 04 	cmpei r1,r1,4
     3e0:	a0 22 08 00 	and r1,r1,r2
     3e4:	44 2d ff e0 	be r1,r13,364 <main+0x130>
     3e8:	f8 00 03 9b 	calli 1254 <Eff_Increase_Flang_up>
     3ec:	f8 00 03 5c 	calli 115c <Eff_Flang_read_up>
     3f0:	5b 81 00 54 	sw (sp+84),r1
     3f4:	2b 81 00 54 	lw r1,(sp+84)
     3f8:	54 36 00 03 	bgu r1,r22,404 <main+0x1d0>
     3fc:	34 01 00 01 	mvi r1,1
     400:	f8 00 02 5a 	calli d68 <LCD_delay>
     404:	2b 81 00 54 	lw r1,(sp+84)
     408:	52 c1 00 06 	bgeu r22,r1,420 <main+0x1ec>
     40c:	2b 81 00 54 	lw r1,(sp+84)
     410:	34 02 00 96 	mvi r2,150
     414:	54 22 00 03 	bgu r1,r2,420 <main+0x1ec>
     418:	34 01 00 02 	mvi r1,2
     41c:	f8 00 02 53 	calli d68 <LCD_delay>
     420:	2b 81 00 54 	lw r1,(sp+84)
     424:	34 02 00 96 	mvi r2,150
     428:	50 41 00 05 	bgeu r2,r1,43c <main+0x208>
     42c:	2b 81 00 54 	lw r1,(sp+84)
     430:	54 37 00 03 	bgu r1,r23,43c <main+0x208>
     434:	34 01 00 03 	mvi r1,3
     438:	f8 00 02 4c 	calli d68 <LCD_delay>
     43c:	2b 81 00 54 	lw r1,(sp+84)
     440:	52 e1 00 06 	bgeu r23,r1,458 <main+0x224>
     444:	2b 81 00 54 	lw r1,(sp+84)
     448:	34 02 00 fa 	mvi r2,250
     44c:	54 22 00 03 	bgu r1,r2,458 <main+0x224>
     450:	34 01 00 04 	mvi r1,4
     454:	f8 00 02 45 	calli d68 <LCD_delay>
     458:	2b 81 00 54 	lw r1,(sp+84)
     45c:	34 02 00 fa 	mvi r2,250
     460:	50 41 00 05 	bgeu r2,r1,474 <main+0x240>
     464:	2b 81 00 54 	lw r1,(sp+84)
     468:	54 3b 00 03 	bgu r1,fp,474 <main+0x240>
     46c:	34 01 00 05 	mvi r1,5
     470:	f8 00 02 3e 	calli d68 <LCD_delay>
     474:	2b 81 00 54 	lw r1,(sp+84)
     478:	53 61 00 05 	bgeu fp,r1,48c <main+0x258>
     47c:	2b 81 00 54 	lw r1,(sp+84)
     480:	54 39 00 03 	bgu r1,r25,48c <main+0x258>
     484:	34 01 00 06 	mvi r1,6
     488:	f8 00 02 38 	calli d68 <LCD_delay>
     48c:	2b 81 00 54 	lw r1,(sp+84)
     490:	53 21 00 05 	bgeu r25,r1,4a4 <main+0x270>
     494:	2b 81 00 54 	lw r1,(sp+84)
     498:	54 38 00 03 	bgu r1,r24,4a4 <main+0x270>
     49c:	34 01 00 07 	mvi r1,7
     4a0:	f8 00 02 32 	calli d68 <LCD_delay>
     4a4:	2b 81 00 54 	lw r1,(sp+84)
     4a8:	54 38 00 02 	bgu r1,r24,4b0 <main+0x27c>
     4ac:	e3 ff ff a7 	bi 348 <main+0x114>
     4b0:	34 01 00 08 	mvi r1,8
     4b4:	f8 00 02 2d 	calli d68 <LCD_delay>
     4b8:	29 61 00 00 	lw r1,(r11+0)
     4bc:	28 21 00 00 	lw r1,(r1+0)
     4c0:	e3 ff ff 90 	bi 300 <main+0xcc>
     4c4:	2b 82 00 48 	lw r2,(sp+72)
     4c8:	2b 81 00 4c 	lw r1,(sp+76)
     4cc:	64 42 00 00 	cmpei r2,r2,0
     4d0:	64 21 00 02 	cmpei r1,r1,2
     4d4:	a0 22 08 00 	and r1,r1,r2
     4d8:	5c 20 00 7c 	bne r1,r0,6c8 <main+0x494>
     4dc:	2b 82 00 48 	lw r2,(sp+72)
     4e0:	2b 81 00 4c 	lw r1,(sp+76)
     4e4:	64 42 00 00 	cmpei r2,r2,0
     4e8:	64 21 00 04 	cmpei r1,r1,4
     4ec:	a0 22 08 00 	and r1,r1,r2
     4f0:	44 2d ff 9d 	be r1,r13,364 <main+0x130>
     4f4:	f8 00 03 6d 	calli 12a8 <Eff_Decrease_Flang_up>
     4f8:	f8 00 03 19 	calli 115c <Eff_Flang_read_up>
     4fc:	5b 81 00 54 	sw (sp+84),r1
     500:	2b 81 00 54 	lw r1,(sp+84)
     504:	34 02 00 28 	mvi r2,40
     508:	54 22 00 03 	bgu r1,r2,514 <main+0x2e0>
     50c:	b9 80 08 00 	mv r1,r12
     510:	f8 00 02 16 	calli d68 <LCD_delay>
     514:	2b 81 00 54 	lw r1,(sp+84)
     518:	34 02 00 28 	mvi r2,40
     51c:	50 41 00 06 	bgeu r2,r1,534 <main+0x300>
     520:	2b 81 00 54 	lw r1,(sp+84)
     524:	34 02 00 50 	mvi r2,80
     528:	54 22 00 03 	bgu r1,r2,534 <main+0x300>
     52c:	34 01 00 02 	mvi r1,2
     530:	f8 00 02 0e 	calli d68 <LCD_delay>
     534:	2b 81 00 54 	lw r1,(sp+84)
     538:	34 02 00 50 	mvi r2,80
     53c:	50 41 00 06 	bgeu r2,r1,554 <main+0x320>
     540:	2b 81 00 54 	lw r1,(sp+84)
     544:	34 02 00 78 	mvi r2,120
     548:	54 22 00 03 	bgu r1,r2,554 <main+0x320>
     54c:	34 01 00 03 	mvi r1,3
     550:	f8 00 02 06 	calli d68 <LCD_delay>
     554:	2b 81 00 54 	lw r1,(sp+84)
     558:	34 02 00 78 	mvi r2,120
     55c:	50 41 00 06 	bgeu r2,r1,574 <main+0x340>
     560:	2b 82 00 54 	lw r2,(sp+84)
     564:	34 01 00 a0 	mvi r1,160
     568:	54 41 00 03 	bgu r2,r1,574 <main+0x340>
     56c:	34 01 00 04 	mvi r1,4
     570:	f8 00 01 fe 	calli d68 <LCD_delay>
     574:	2b 81 00 54 	lw r1,(sp+84)
     578:	52 e1 00 06 	bgeu r23,r1,590 <main+0x35c>
     57c:	2b 82 00 54 	lw r2,(sp+84)
     580:	34 01 00 f0 	mvi r1,240
     584:	54 41 00 03 	bgu r2,r1,590 <main+0x35c>
     588:	34 01 00 05 	mvi r1,5
     58c:	f8 00 01 f7 	calli d68 <LCD_delay>
     590:	2b 81 00 54 	lw r1,(sp+84)
     594:	34 02 01 18 	mvi r2,280
     598:	50 41 00 06 	bgeu r2,r1,5b0 <main+0x37c>
     59c:	2b 81 00 54 	lw r1,(sp+84)
     5a0:	34 02 01 40 	mvi r2,320
     5a4:	54 22 00 03 	bgu r1,r2,5b0 <main+0x37c>
     5a8:	34 01 00 06 	mvi r1,6
     5ac:	f8 00 01 ef 	calli d68 <LCD_delay>
     5b0:	2b 81 00 54 	lw r1,(sp+84)
     5b4:	34 02 01 40 	mvi r2,320
     5b8:	50 41 00 06 	bgeu r2,r1,5d0 <main+0x39c>
     5bc:	2b 81 00 54 	lw r1,(sp+84)
     5c0:	34 02 01 68 	mvi r2,360
     5c4:	54 22 00 03 	bgu r1,r2,5d0 <main+0x39c>
     5c8:	34 01 00 07 	mvi r1,7
     5cc:	f8 00 01 e7 	calli d68 <LCD_delay>
     5d0:	2b 81 00 54 	lw r1,(sp+84)
     5d4:	34 02 01 68 	mvi r2,360
     5d8:	54 22 ff b6 	bgu r1,r2,4b0 <main+0x27c>
     5dc:	e3 ff ff 5b 	bi 348 <main+0x114>
     5e0:	f8 00 00 c6 	calli 8f8 <LCD_Echo>
     5e4:	f8 00 03 4e 	calli 131c <Effects_Echo>
     5e8:	5b 8d 00 48 	sw (sp+72),r13
     5ec:	f8 00 02 d3 	calli 1138 <Eff_Echo_read>
     5f0:	5b 81 00 54 	sw (sp+84),r1
     5f4:	2b 81 00 54 	lw r1,(sp+84)
     5f8:	54 2f 00 03 	bgu r1,r15,604 <main+0x3d0>
     5fc:	34 01 00 01 	mvi r1,1
     600:	f8 00 01 da 	calli d68 <LCD_delay>
     604:	2b 81 00 54 	lw r1,(sp+84)
     608:	51 e1 00 05 	bgeu r15,r1,61c <main+0x3e8>
     60c:	2b 81 00 54 	lw r1,(sp+84)
     610:	54 35 00 03 	bgu r1,r21,61c <main+0x3e8>
     614:	34 01 00 02 	mvi r1,2
     618:	f8 00 01 d4 	calli d68 <LCD_delay>
     61c:	2b 81 00 54 	lw r1,(sp+84)
     620:	52 a1 00 05 	bgeu r21,r1,634 <main+0x400>
     624:	2b 81 00 54 	lw r1,(sp+84)
     628:	54 34 00 03 	bgu r1,r20,634 <main+0x400>
     62c:	34 01 00 03 	mvi r1,3
     630:	f8 00 01 ce 	calli d68 <LCD_delay>
     634:	2b 81 00 54 	lw r1,(sp+84)
     638:	52 81 00 05 	bgeu r20,r1,64c <main+0x418>
     63c:	2b 81 00 54 	lw r1,(sp+84)
     640:	54 33 00 03 	bgu r1,r19,64c <main+0x418>
     644:	34 01 00 04 	mvi r1,4
     648:	f8 00 01 c8 	calli d68 <LCD_delay>
     64c:	2b 81 00 54 	lw r1,(sp+84)
     650:	52 61 00 05 	bgeu r19,r1,664 <main+0x430>
     654:	2b 81 00 54 	lw r1,(sp+84)
     658:	54 32 00 03 	bgu r1,r18,664 <main+0x430>
     65c:	34 01 00 05 	mvi r1,5
     660:	f8 00 01 c2 	calli d68 <LCD_delay>
     664:	2b 81 00 54 	lw r1,(sp+84)
     668:	52 41 00 05 	bgeu r18,r1,67c <main+0x448>
     66c:	2b 81 00 54 	lw r1,(sp+84)
     670:	54 31 00 03 	bgu r1,r17,67c <main+0x448>
     674:	34 01 00 06 	mvi r1,6
     678:	f8 00 01 bc 	calli d68 <LCD_delay>
     67c:	2b 81 00 54 	lw r1,(sp+84)
     680:	52 21 00 05 	bgeu r17,r1,694 <main+0x460>
     684:	2b 81 00 54 	lw r1,(sp+84)
     688:	54 30 00 03 	bgu r1,r16,694 <main+0x460>
     68c:	34 01 00 07 	mvi r1,7
     690:	f8 00 01 b6 	calli d68 <LCD_delay>
     694:	2b 81 00 54 	lw r1,(sp+84)
     698:	54 30 ff 86 	bgu r1,r16,4b0 <main+0x27c>
     69c:	e3 ff ff 2b 	bi 348 <main+0x114>
     6a0:	f8 00 00 f8 	calli a80 <LCD_Flanger>
     6a4:	f8 00 03 24 	calli 1334 <Effects_Flanger>
     6a8:	5b 8d 00 48 	sw (sp+72),r13
     6ac:	f8 00 02 ac 	calli 115c <Eff_Flang_read_up>
     6b0:	5b 81 00 54 	sw (sp+84),r1
     6b4:	2b 81 00 54 	lw r1,(sp+84)
     6b8:	54 36 ff 53 	bgu r1,r22,404 <main+0x1d0>
     6bc:	34 01 00 01 	mvi r1,1
     6c0:	f8 00 01 aa 	calli d68 <LCD_delay>
     6c4:	e3 ff ff 50 	bi 404 <main+0x1d0>
     6c8:	f8 00 02 cd 	calli 11fc <Eff_Decrease_Echo>
     6cc:	f8 00 02 9b 	calli 1138 <Eff_Echo_read>
     6d0:	5b 81 00 54 	sw (sp+84),r1
     6d4:	2b 81 00 54 	lw r1,(sp+84)
     6d8:	54 2f ff cb 	bgu r1,r15,604 <main+0x3d0>
     6dc:	b9 80 08 00 	mv r1,r12
     6e0:	f8 00 01 a2 	calli d68 <LCD_delay>
     6e4:	e3 ff ff c8 	bi 604 <main+0x3d0>
     6e8:	f8 00 02 af 	calli 11a4 <Eff_Increase_Echo>
     6ec:	f8 00 02 93 	calli 1138 <Eff_Echo_read>
     6f0:	5b 81 00 54 	sw (sp+84),r1
     6f4:	2b 81 00 54 	lw r1,(sp+84)
     6f8:	54 2f ff c3 	bgu r1,r15,604 <main+0x3d0>
     6fc:	34 01 00 01 	mvi r1,1
     700:	f8 00 01 9a 	calli d68 <LCD_delay>
     704:	e3 ff ff c0 	bi 604 <main+0x3d0>

00000708 <LCD_none>:
     708:	78 01 00 00 	mvhi r1,0x0
     70c:	38 21 15 a4 	ori r1,r1,0x15a4
     710:	28 21 00 00 	lw r1,(r1+0)
     714:	34 02 00 02 	mvi r2,2
     718:	30 22 00 04 	sb (r1+4),r2
     71c:	c3 a0 00 00 	ret

00000720 <LCD_Instruction>:
     720:	78 02 00 00 	mvhi r2,0x0
     724:	38 42 15 a4 	ori r2,r2,0x15a4
     728:	28 42 00 00 	lw r2,(r2+0)
     72c:	20 21 00 ff 	andi r1,r1,0xff
     730:	34 03 00 04 	mvi r3,4
     734:	30 41 00 01 	sb (r2+1),r1
     738:	30 43 00 00 	sb (r2+0),r3
     73c:	34 01 00 05 	mvi r1,5
     740:	30 41 00 03 	sb (r2+3),r1
     744:	c3 a0 00 00 	ret

00000748 <LCD_Data>:
     748:	78 03 00 00 	mvhi r3,0x0
     74c:	38 63 15 a4 	ori r3,r3,0x15a4
     750:	28 63 00 00 	lw r3,(r3+0)
     754:	20 42 00 ff 	andi r2,r2,0xff
     758:	20 21 00 ff 	andi r1,r1,0xff
     75c:	30 62 00 01 	sb (r3+1),r2
     760:	30 61 00 00 	sb (r3+0),r1
     764:	34 01 00 06 	mvi r1,6
     768:	30 61 00 03 	sb (r3+3),r1
     76c:	c3 a0 00 00 	ret

00000770 <LCD_Pedal>:
     770:	78 01 00 00 	mvhi r1,0x0
     774:	38 21 15 a4 	ori r1,r1,0x15a4
     778:	28 21 00 00 	lw r1,(r1+0)
     77c:	34 04 ff a0 	mvi r4,-96
     780:	34 02 ff 80 	mvi r2,-128
     784:	30 24 00 01 	sb (r1+1),r4
     788:	30 22 00 00 	sb (r1+0),r2
     78c:	34 02 00 06 	mvi r2,6
     790:	30 22 00 03 	sb (r1+3),r2
     794:	30 24 00 01 	sb (r1+1),r4
     798:	34 03 ff 81 	mvi r3,-127
     79c:	30 23 00 00 	sb (r1+0),r3
     7a0:	30 22 00 03 	sb (r1+3),r2
     7a4:	34 03 00 50 	mvi r3,80
     7a8:	30 23 00 01 	sb (r1+1),r3
     7ac:	34 03 ff 82 	mvi r3,-126
     7b0:	30 23 00 00 	sb (r1+0),r3
     7b4:	30 22 00 03 	sb (r1+3),r2
     7b8:	34 03 00 65 	mvi r3,101
     7bc:	30 23 00 01 	sb (r1+1),r3
     7c0:	34 05 ff 83 	mvi r5,-125
     7c4:	30 25 00 00 	sb (r1+0),r5
     7c8:	30 22 00 03 	sb (r1+3),r2
     7cc:	34 05 00 64 	mvi r5,100
     7d0:	30 25 00 01 	sb (r1+1),r5
     7d4:	34 06 ff 84 	mvi r6,-124
     7d8:	30 26 00 00 	sb (r1+0),r6
     7dc:	30 22 00 03 	sb (r1+3),r2
     7e0:	34 06 00 61 	mvi r6,97
     7e4:	30 26 00 01 	sb (r1+1),r6
     7e8:	34 06 ff 85 	mvi r6,-123
     7ec:	30 26 00 00 	sb (r1+0),r6
     7f0:	30 22 00 03 	sb (r1+3),r2
     7f4:	34 06 00 6c 	mvi r6,108
     7f8:	30 26 00 01 	sb (r1+1),r6
     7fc:	34 06 ff 86 	mvi r6,-122
     800:	30 26 00 00 	sb (r1+0),r6
     804:	30 22 00 03 	sb (r1+3),r2
     808:	30 24 00 01 	sb (r1+1),r4
     80c:	34 06 ff 87 	mvi r6,-121
     810:	30 26 00 00 	sb (r1+0),r6
     814:	30 22 00 03 	sb (r1+3),r2
     818:	30 25 00 01 	sb (r1+1),r5
     81c:	34 05 ff 88 	mvi r5,-120
     820:	30 25 00 00 	sb (r1+0),r5
     824:	30 22 00 03 	sb (r1+3),r2
     828:	30 23 00 01 	sb (r1+1),r3
     82c:	34 05 ff 89 	mvi r5,-119
     830:	30 25 00 00 	sb (r1+0),r5
     834:	30 22 00 03 	sb (r1+3),r2
     838:	30 24 00 01 	sb (r1+1),r4
     83c:	34 04 ff 8a 	mvi r4,-118
     840:	30 24 00 00 	sb (r1+0),r4
     844:	30 22 00 03 	sb (r1+3),r2
     848:	34 04 ff 8b 	mvi r4,-117
     84c:	30 23 00 01 	sb (r1+1),r3
     850:	30 24 00 00 	sb (r1+0),r4
     854:	30 22 00 03 	sb (r1+3),r2
     858:	34 04 00 66 	mvi r4,102
     85c:	30 24 00 01 	sb (r1+1),r4
     860:	34 04 ff 8c 	mvi r4,-116
     864:	30 24 00 00 	sb (r1+0),r4
     868:	30 22 00 03 	sb (r1+3),r2
     86c:	30 23 00 01 	sb (r1+1),r3
     870:	34 03 ff 8d 	mvi r3,-115
     874:	30 23 00 00 	sb (r1+0),r3
     878:	30 22 00 03 	sb (r1+3),r2
     87c:	34 03 00 63 	mvi r3,99
     880:	30 23 00 01 	sb (r1+1),r3
     884:	34 03 ff 8e 	mvi r3,-114
     888:	30 23 00 00 	sb (r1+0),r3
     88c:	30 22 00 03 	sb (r1+3),r2
     890:	34 03 00 74 	mvi r3,116
     894:	30 23 00 01 	sb (r1+1),r3
     898:	34 03 ff 8f 	mvi r3,-113
     89c:	30 23 00 00 	sb (r1+0),r3
     8a0:	30 22 00 03 	sb (r1+3),r2
     8a4:	34 03 00 6f 	mvi r3,111
     8a8:	30 23 00 01 	sb (r1+1),r3
     8ac:	34 03 ff 90 	mvi r3,-112
     8b0:	30 23 00 00 	sb (r1+0),r3
     8b4:	30 22 00 03 	sb (r1+3),r2
     8b8:	34 03 00 73 	mvi r3,115
     8bc:	30 23 00 01 	sb (r1+1),r3
     8c0:	34 03 ff 91 	mvi r3,-111
     8c4:	30 23 00 00 	sb (r1+0),r3
     8c8:	30 22 00 03 	sb (r1+3),r2
     8cc:	c3 a0 00 00 	ret

000008d0 <LCD_Clear>:
     8d0:	78 01 00 00 	mvhi r1,0x0
     8d4:	38 21 15 a4 	ori r1,r1,0x15a4
     8d8:	28 21 00 00 	lw r1,(r1+0)
     8dc:	34 03 00 01 	mvi r3,1
     8e0:	34 02 00 04 	mvi r2,4
     8e4:	30 23 00 01 	sb (r1+1),r3
     8e8:	30 22 00 00 	sb (r1+0),r2
     8ec:	34 02 00 05 	mvi r2,5
     8f0:	30 22 00 03 	sb (r1+3),r2
     8f4:	c3 a0 00 00 	ret

000008f8 <LCD_Echo>:
     8f8:	37 9c ff f8 	addi sp,sp,-8
     8fc:	5b 8b 00 08 	sw (sp+8),r11
     900:	5b 9d 00 04 	sw (sp+4),ra
     904:	78 0b 00 00 	mvhi r11,0x0
     908:	39 6b 15 a4 	ori r11,r11,0x15a4
     90c:	29 61 00 00 	lw r1,(r11+0)
     910:	34 03 00 01 	mvi r3,1
     914:	34 02 00 04 	mvi r2,4
     918:	30 23 00 01 	sb (r1+1),r3
     91c:	30 22 00 00 	sb (r1+0),r2
     920:	34 02 00 05 	mvi r2,5
     924:	30 22 00 03 	sb (r1+3),r2
     928:	fb ff ff 92 	calli 770 <LCD_Pedal>
     92c:	29 61 00 00 	lw r1,(r11+0)
     930:	34 03 00 52 	mvi r3,82
     934:	34 02 ff 94 	mvi r2,-108
     938:	30 23 00 01 	sb (r1+1),r3
     93c:	30 22 00 00 	sb (r1+0),r2
     940:	34 02 00 06 	mvi r2,6
     944:	30 22 00 03 	sb (r1+3),r2
     948:	34 04 00 65 	mvi r4,101
     94c:	30 24 00 01 	sb (r1+1),r4
     950:	34 03 ff 95 	mvi r3,-107
     954:	30 23 00 00 	sb (r1+0),r3
     958:	30 22 00 03 	sb (r1+3),r2
     95c:	34 06 00 74 	mvi r6,116
     960:	30 26 00 01 	sb (r1+1),r6
     964:	34 03 ff 96 	mvi r3,-106
     968:	30 23 00 00 	sb (r1+0),r3
     96c:	30 22 00 03 	sb (r1+3),r2
     970:	34 03 00 72 	mvi r3,114
     974:	30 23 00 01 	sb (r1+1),r3
     978:	34 03 ff 97 	mvi r3,-105
     97c:	30 23 00 00 	sb (r1+0),r3
     980:	30 22 00 03 	sb (r1+3),r2
     984:	34 03 00 61 	mvi r3,97
     988:	30 23 00 01 	sb (r1+1),r3
     98c:	34 03 ff 98 	mvi r3,-104
     990:	30 23 00 00 	sb (r1+0),r3
     994:	30 22 00 03 	sb (r1+3),r2
     998:	34 03 00 73 	mvi r3,115
     99c:	30 23 00 01 	sb (r1+1),r3
     9a0:	34 03 ff 99 	mvi r3,-103
     9a4:	30 23 00 00 	sb (r1+0),r3
     9a8:	30 22 00 03 	sb (r1+3),r2
     9ac:	34 03 00 6f 	mvi r3,111
     9b0:	30 23 00 01 	sb (r1+1),r3
     9b4:	34 05 ff 9a 	mvi r5,-102
     9b8:	30 25 00 00 	sb (r1+0),r5
     9bc:	30 22 00 03 	sb (r1+3),r2
     9c0:	34 05 00 45 	mvi r5,69
     9c4:	30 25 00 01 	sb (r1+1),r5
     9c8:	34 07 ff a1 	mvi r7,-95
     9cc:	30 27 00 00 	sb (r1+0),r7
     9d0:	30 22 00 03 	sb (r1+3),r2
     9d4:	34 07 00 66 	mvi r7,102
     9d8:	30 27 00 01 	sb (r1+1),r7
     9dc:	34 07 ff a2 	mvi r7,-94
     9e0:	30 27 00 00 	sb (r1+0),r7
     9e4:	30 22 00 03 	sb (r1+3),r2
     9e8:	30 24 00 01 	sb (r1+1),r4
     9ec:	34 04 ff a3 	mvi r4,-93
     9f0:	30 24 00 00 	sb (r1+0),r4
     9f4:	30 22 00 03 	sb (r1+3),r2
     9f8:	34 04 00 63 	mvi r4,99
     9fc:	30 24 00 01 	sb (r1+1),r4
     a00:	34 07 ff a4 	mvi r7,-92
     a04:	30 27 00 00 	sb (r1+0),r7
     a08:	30 22 00 03 	sb (r1+3),r2
     a0c:	30 26 00 01 	sb (r1+1),r6
     a10:	34 06 ff a5 	mvi r6,-91
     a14:	30 26 00 00 	sb (r1+0),r6
     a18:	30 22 00 03 	sb (r1+3),r2
     a1c:	30 23 00 01 	sb (r1+1),r3
     a20:	34 06 ff a6 	mvi r6,-90
     a24:	30 26 00 00 	sb (r1+0),r6
     a28:	30 22 00 03 	sb (r1+3),r2
     a2c:	30 25 00 01 	sb (r1+1),r5
     a30:	34 05 ff e1 	mvi r5,-31
     a34:	30 25 00 00 	sb (r1+0),r5
     a38:	30 22 00 03 	sb (r1+3),r2
     a3c:	30 24 00 01 	sb (r1+1),r4
     a40:	34 04 ff e2 	mvi r4,-30
     a44:	30 24 00 00 	sb (r1+0),r4
     a48:	30 22 00 03 	sb (r1+3),r2
     a4c:	34 04 00 68 	mvi r4,104
     a50:	30 24 00 01 	sb (r1+1),r4
     a54:	34 04 ff e3 	mvi r4,-29
     a58:	30 24 00 00 	sb (r1+0),r4
     a5c:	30 22 00 03 	sb (r1+3),r2
     a60:	30 23 00 01 	sb (r1+1),r3
     a64:	34 03 ff e4 	mvi r3,-28
     a68:	30 23 00 00 	sb (r1+0),r3
     a6c:	30 22 00 03 	sb (r1+3),r2
     a70:	2b 9d 00 04 	lw ra,(sp+4)
     a74:	2b 8b 00 08 	lw r11,(sp+8)
     a78:	37 9c 00 08 	addi sp,sp,8
     a7c:	c3 a0 00 00 	ret

00000a80 <LCD_Flanger>:
     a80:	37 9c ff f8 	addi sp,sp,-8
     a84:	5b 8b 00 08 	sw (sp+8),r11
     a88:	5b 9d 00 04 	sw (sp+4),ra
     a8c:	78 0b 00 00 	mvhi r11,0x0
     a90:	39 6b 15 a4 	ori r11,r11,0x15a4
     a94:	29 61 00 00 	lw r1,(r11+0)
     a98:	34 03 00 01 	mvi r3,1
     a9c:	34 02 00 04 	mvi r2,4
     aa0:	30 23 00 01 	sb (r1+1),r3
     aa4:	30 22 00 00 	sb (r1+0),r2
     aa8:	34 02 00 05 	mvi r2,5
     aac:	30 22 00 03 	sb (r1+3),r2
     ab0:	fb ff ff 30 	calli 770 <LCD_Pedal>
     ab4:	29 61 00 00 	lw r1,(r11+0)
     ab8:	34 03 00 52 	mvi r3,82
     abc:	34 02 ff 94 	mvi r2,-108
     ac0:	30 23 00 01 	sb (r1+1),r3
     ac4:	30 22 00 00 	sb (r1+0),r2
     ac8:	34 02 00 06 	mvi r2,6
     acc:	30 22 00 03 	sb (r1+3),r2
     ad0:	34 03 00 65 	mvi r3,101
     ad4:	30 23 00 01 	sb (r1+1),r3
     ad8:	34 04 ff 95 	mvi r4,-107
     adc:	30 24 00 00 	sb (r1+0),r4
     ae0:	30 22 00 03 	sb (r1+3),r2
     ae4:	34 07 00 74 	mvi r7,116
     ae8:	30 27 00 01 	sb (r1+1),r7
     aec:	34 04 ff 96 	mvi r4,-106
     af0:	30 24 00 00 	sb (r1+0),r4
     af4:	30 22 00 03 	sb (r1+3),r2
     af8:	34 04 00 72 	mvi r4,114
     afc:	30 24 00 01 	sb (r1+1),r4
     b00:	34 05 ff 97 	mvi r5,-105
     b04:	30 25 00 00 	sb (r1+0),r5
     b08:	30 22 00 03 	sb (r1+3),r2
     b0c:	34 05 00 61 	mvi r5,97
     b10:	30 25 00 01 	sb (r1+1),r5
     b14:	34 06 ff 98 	mvi r6,-104
     b18:	30 26 00 00 	sb (r1+0),r6
     b1c:	30 22 00 03 	sb (r1+3),r2
     b20:	34 06 00 73 	mvi r6,115
     b24:	30 26 00 01 	sb (r1+1),r6
     b28:	34 06 ff 99 	mvi r6,-103
     b2c:	30 26 00 00 	sb (r1+0),r6
     b30:	30 22 00 03 	sb (r1+3),r2
     b34:	34 06 00 6f 	mvi r6,111
     b38:	30 26 00 01 	sb (r1+1),r6
     b3c:	34 08 ff 9a 	mvi r8,-102
     b40:	30 28 00 00 	sb (r1+0),r8
     b44:	30 22 00 03 	sb (r1+3),r2
     b48:	34 08 00 45 	mvi r8,69
     b4c:	30 28 00 01 	sb (r1+1),r8
     b50:	34 08 ff a1 	mvi r8,-95
     b54:	30 28 00 00 	sb (r1+0),r8
     b58:	30 22 00 03 	sb (r1+3),r2
     b5c:	34 08 00 66 	mvi r8,102
     b60:	30 28 00 01 	sb (r1+1),r8
     b64:	34 08 ff a2 	mvi r8,-94
     b68:	30 28 00 00 	sb (r1+0),r8
     b6c:	30 22 00 03 	sb (r1+3),r2
     b70:	30 23 00 01 	sb (r1+1),r3
     b74:	34 08 ff a3 	mvi r8,-93
     b78:	30 28 00 00 	sb (r1+0),r8
     b7c:	30 22 00 03 	sb (r1+3),r2
     b80:	34 08 00 63 	mvi r8,99
     b84:	30 28 00 01 	sb (r1+1),r8
     b88:	34 08 ff a4 	mvi r8,-92
     b8c:	30 28 00 00 	sb (r1+0),r8
     b90:	30 22 00 03 	sb (r1+3),r2
     b94:	30 27 00 01 	sb (r1+1),r7
     b98:	34 07 ff a5 	mvi r7,-91
     b9c:	30 27 00 00 	sb (r1+0),r7
     ba0:	30 22 00 03 	sb (r1+3),r2
     ba4:	30 26 00 01 	sb (r1+1),r6
     ba8:	34 06 ff a6 	mvi r6,-90
     bac:	30 26 00 00 	sb (r1+0),r6
     bb0:	30 22 00 03 	sb (r1+3),r2
     bb4:	34 06 00 46 	mvi r6,70
     bb8:	30 26 00 01 	sb (r1+1),r6
     bbc:	34 06 ff e1 	mvi r6,-31
     bc0:	30 26 00 00 	sb (r1+0),r6
     bc4:	30 22 00 03 	sb (r1+3),r2
     bc8:	34 06 00 6c 	mvi r6,108
     bcc:	30 26 00 01 	sb (r1+1),r6
     bd0:	34 06 ff e2 	mvi r6,-30
     bd4:	30 26 00 00 	sb (r1+0),r6
     bd8:	30 22 00 03 	sb (r1+3),r2
     bdc:	30 25 00 01 	sb (r1+1),r5
     be0:	34 05 ff e3 	mvi r5,-29
     be4:	30 25 00 00 	sb (r1+0),r5
     be8:	30 22 00 03 	sb (r1+3),r2
     bec:	34 05 00 6e 	mvi r5,110
     bf0:	30 25 00 01 	sb (r1+1),r5
     bf4:	34 05 ff e4 	mvi r5,-28
     bf8:	30 25 00 00 	sb (r1+0),r5
     bfc:	30 22 00 03 	sb (r1+3),r2
     c00:	34 05 00 67 	mvi r5,103
     c04:	30 25 00 01 	sb (r1+1),r5
     c08:	34 05 ff e5 	mvi r5,-27
     c0c:	30 25 00 00 	sb (r1+0),r5
     c10:	30 22 00 03 	sb (r1+3),r2
     c14:	30 23 00 01 	sb (r1+1),r3
     c18:	34 03 ff e6 	mvi r3,-26
     c1c:	30 23 00 00 	sb (r1+0),r3
     c20:	30 22 00 03 	sb (r1+3),r2
     c24:	30 24 00 01 	sb (r1+1),r4
     c28:	34 03 ff e7 	mvi r3,-25
     c2c:	30 23 00 00 	sb (r1+0),r3
     c30:	30 22 00 03 	sb (r1+3),r2
     c34:	2b 9d 00 04 	lw ra,(sp+4)
     c38:	2b 8b 00 08 	lw r11,(sp+8)
     c3c:	37 9c 00 08 	addi sp,sp,8
     c40:	c3 a0 00 00 	ret

00000c44 <LCD_Clean>:
     c44:	37 9c ff f8 	addi sp,sp,-8
     c48:	5b 8b 00 08 	sw (sp+8),r11
     c4c:	5b 9d 00 04 	sw (sp+4),ra
     c50:	78 0b 00 00 	mvhi r11,0x0
     c54:	39 6b 15 a4 	ori r11,r11,0x15a4
     c58:	29 61 00 00 	lw r1,(r11+0)
     c5c:	34 03 00 01 	mvi r3,1
     c60:	34 02 00 04 	mvi r2,4
     c64:	30 23 00 01 	sb (r1+1),r3
     c68:	30 22 00 00 	sb (r1+0),r2
     c6c:	34 02 00 05 	mvi r2,5
     c70:	30 22 00 03 	sb (r1+3),r2
     c74:	fb ff fe bf 	calli 770 <LCD_Pedal>
     c78:	29 61 00 00 	lw r1,(r11+0)
     c7c:	34 03 00 53 	mvi r3,83
     c80:	34 02 ff 9d 	mvi r2,-99
     c84:	30 23 00 01 	sb (r1+1),r3
     c88:	30 22 00 00 	sb (r1+0),r2
     c8c:	34 02 00 06 	mvi r2,6
     c90:	30 22 00 03 	sb (r1+3),r2
     c94:	34 03 00 69 	mvi r3,105
     c98:	30 23 00 01 	sb (r1+1),r3
     c9c:	34 03 ff 9e 	mvi r3,-98
     ca0:	30 23 00 00 	sb (r1+0),r3
     ca4:	30 22 00 03 	sb (r1+3),r2
     ca8:	34 03 00 6e 	mvi r3,110
     cac:	30 23 00 01 	sb (r1+1),r3
     cb0:	34 03 ff 9f 	mvi r3,-97
     cb4:	30 23 00 00 	sb (r1+0),r3
     cb8:	30 22 00 03 	sb (r1+3),r2
     cbc:	34 03 ff a0 	mvi r3,-96
     cc0:	30 23 00 01 	sb (r1+1),r3
     cc4:	30 23 00 00 	sb (r1+0),r3
     cc8:	30 22 00 03 	sb (r1+3),r2
     ccc:	34 03 00 45 	mvi r3,69
     cd0:	30 23 00 01 	sb (r1+1),r3
     cd4:	34 03 ff a1 	mvi r3,-95
     cd8:	30 23 00 00 	sb (r1+0),r3
     cdc:	30 22 00 03 	sb (r1+3),r2
     ce0:	34 03 00 66 	mvi r3,102
     ce4:	30 23 00 01 	sb (r1+1),r3
     ce8:	34 03 ff a2 	mvi r3,-94
     cec:	30 23 00 00 	sb (r1+0),r3
     cf0:	30 22 00 03 	sb (r1+3),r2
     cf4:	34 03 00 65 	mvi r3,101
     cf8:	30 23 00 01 	sb (r1+1),r3
     cfc:	34 03 ff a3 	mvi r3,-93
     d00:	30 23 00 00 	sb (r1+0),r3
     d04:	30 22 00 03 	sb (r1+3),r2
     d08:	34 03 00 63 	mvi r3,99
     d0c:	30 23 00 01 	sb (r1+1),r3
     d10:	34 03 ff a4 	mvi r3,-92
     d14:	30 23 00 00 	sb (r1+0),r3
     d18:	30 22 00 03 	sb (r1+3),r2
     d1c:	34 03 00 74 	mvi r3,116
     d20:	30 23 00 01 	sb (r1+1),r3
     d24:	34 03 ff a5 	mvi r3,-91
     d28:	30 23 00 00 	sb (r1+0),r3
     d2c:	30 22 00 03 	sb (r1+3),r2
     d30:	34 03 00 6f 	mvi r3,111
     d34:	30 23 00 01 	sb (r1+1),r3
     d38:	34 03 ff a6 	mvi r3,-90
     d3c:	30 23 00 00 	sb (r1+0),r3
     d40:	30 22 00 03 	sb (r1+3),r2
     d44:	34 03 00 73 	mvi r3,115
     d48:	30 23 00 01 	sb (r1+1),r3
     d4c:	34 03 ff a7 	mvi r3,-89
     d50:	30 23 00 00 	sb (r1+0),r3
     d54:	30 22 00 03 	sb (r1+3),r2
     d58:	2b 9d 00 04 	lw ra,(sp+4)
     d5c:	2b 8b 00 08 	lw r11,(sp+8)
     d60:	37 9c 00 08 	addi sp,sp,8
     d64:	c3 a0 00 00 	ret

00000d68 <LCD_delay>:
     d68:	34 02 00 08 	mvi r2,8
     d6c:	54 22 00 2d 	bgu r1,r2,e20 <LCD_delay+0xb8>
     d70:	3c 21 00 02 	sli r1,r1,2
     d74:	78 02 00 00 	mvhi r2,0x0
     d78:	38 42 15 70 	ori r2,r2,0x1570
     d7c:	b4 41 10 00 	add r2,r2,r1
     d80:	28 41 00 00 	lw r1,(r2+0)
     d84:	c0 20 00 00 	b r1
     d88:	78 01 00 00 	mvhi r1,0x0
     d8c:	38 21 15 a4 	ori r1,r1,0x15a4
     d90:	28 21 00 00 	lw r1,(r1+0)
     d94:	34 03 ff ff 	mvi r3,-1
     d98:	34 02 ff d4 	mvi r2,-44
     d9c:	30 23 00 01 	sb (r1+1),r3
     da0:	30 22 00 00 	sb (r1+0),r2
     da4:	34 02 00 06 	mvi r2,6
     da8:	30 22 00 03 	sb (r1+3),r2
     dac:	30 23 00 01 	sb (r1+1),r3
     db0:	34 04 ff d5 	mvi r4,-43
     db4:	30 24 00 00 	sb (r1+0),r4
     db8:	30 22 00 03 	sb (r1+3),r2
     dbc:	30 23 00 01 	sb (r1+1),r3
     dc0:	34 04 ff d6 	mvi r4,-42
     dc4:	30 24 00 00 	sb (r1+0),r4
     dc8:	30 22 00 03 	sb (r1+3),r2
     dcc:	30 23 00 01 	sb (r1+1),r3
     dd0:	34 04 ff d7 	mvi r4,-41
     dd4:	30 24 00 00 	sb (r1+0),r4
     dd8:	30 22 00 03 	sb (r1+3),r2
     ddc:	30 23 00 01 	sb (r1+1),r3
     de0:	34 04 ff d8 	mvi r4,-40
     de4:	30 24 00 00 	sb (r1+0),r4
     de8:	30 22 00 03 	sb (r1+3),r2
     dec:	30 23 00 01 	sb (r1+1),r3
     df0:	34 04 ff d9 	mvi r4,-39
     df4:	30 24 00 00 	sb (r1+0),r4
     df8:	30 22 00 03 	sb (r1+3),r2
     dfc:	30 23 00 01 	sb (r1+1),r3
     e00:	34 04 ff da 	mvi r4,-38
     e04:	30 24 00 00 	sb (r1+0),r4
     e08:	30 22 00 03 	sb (r1+3),r2
     e0c:	30 23 00 01 	sb (r1+1),r3
     e10:	34 03 ff db 	mvi r3,-37
     e14:	30 23 00 00 	sb (r1+0),r3
     e18:	30 22 00 03 	sb (r1+3),r2
     e1c:	c3 a0 00 00 	ret
     e20:	78 01 00 00 	mvhi r1,0x0
     e24:	38 21 15 a4 	ori r1,r1,0x15a4
     e28:	28 21 00 00 	lw r1,(r1+0)
     e2c:	34 03 ff e0 	mvi r3,-32
     e30:	34 02 00 15 	mvi r2,21
     e34:	30 23 00 01 	sb (r1+1),r3
     e38:	30 22 00 00 	sb (r1+0),r2
     e3c:	34 02 00 06 	mvi r2,6
     e40:	30 22 00 03 	sb (r1+3),r2
     e44:	c3 a0 00 00 	ret
     e48:	78 01 00 00 	mvhi r1,0x0
     e4c:	38 21 15 a4 	ori r1,r1,0x15a4
     e50:	28 21 00 00 	lw r1,(r1+0)
     e54:	34 03 ff ff 	mvi r3,-1
     e58:	34 02 ff d4 	mvi r2,-44
     e5c:	30 23 00 01 	sb (r1+1),r3
     e60:	30 22 00 00 	sb (r1+0),r2
     e64:	34 02 00 06 	mvi r2,6
     e68:	30 22 00 03 	sb (r1+3),r2
     e6c:	34 03 ff a0 	mvi r3,-96
     e70:	e3 ff ff cf 	bi dac <LCD_delay+0x44>
     e74:	78 01 00 00 	mvhi r1,0x0
     e78:	38 21 15 a4 	ori r1,r1,0x15a4
     e7c:	28 21 00 00 	lw r1,(r1+0)
     e80:	34 03 ff ff 	mvi r3,-1
     e84:	34 02 ff d4 	mvi r2,-44
     e88:	30 23 00 01 	sb (r1+1),r3
     e8c:	30 22 00 00 	sb (r1+0),r2
     e90:	34 02 00 06 	mvi r2,6
     e94:	30 22 00 03 	sb (r1+3),r2
     e98:	30 23 00 01 	sb (r1+1),r3
     e9c:	34 03 ff d5 	mvi r3,-43
     ea0:	30 23 00 00 	sb (r1+0),r3
     ea4:	30 22 00 03 	sb (r1+3),r2
     ea8:	34 03 ff a0 	mvi r3,-96
     eac:	e3 ff ff c4 	bi dbc <LCD_delay+0x54>
     eb0:	78 01 00 00 	mvhi r1,0x0
     eb4:	38 21 15 a4 	ori r1,r1,0x15a4
     eb8:	28 21 00 00 	lw r1,(r1+0)
     ebc:	34 03 ff ff 	mvi r3,-1
     ec0:	34 02 ff d4 	mvi r2,-44
     ec4:	30 23 00 01 	sb (r1+1),r3
     ec8:	30 22 00 00 	sb (r1+0),r2
     ecc:	34 02 00 06 	mvi r2,6
     ed0:	30 22 00 03 	sb (r1+3),r2
     ed4:	30 23 00 01 	sb (r1+1),r3
     ed8:	34 04 ff d5 	mvi r4,-43
     edc:	30 24 00 00 	sb (r1+0),r4
     ee0:	30 22 00 03 	sb (r1+3),r2
     ee4:	30 23 00 01 	sb (r1+1),r3
     ee8:	34 03 ff d6 	mvi r3,-42
     eec:	30 23 00 00 	sb (r1+0),r3
     ef0:	30 22 00 03 	sb (r1+3),r2
     ef4:	34 03 ff a0 	mvi r3,-96
     ef8:	30 23 00 01 	sb (r1+1),r3
     efc:	34 04 ff d7 	mvi r4,-41
     f00:	30 24 00 00 	sb (r1+0),r4
     f04:	30 22 00 03 	sb (r1+3),r2
     f08:	e3 ff ff b5 	bi ddc <LCD_delay+0x74>
     f0c:	78 01 00 00 	mvhi r1,0x0
     f10:	38 21 15 a4 	ori r1,r1,0x15a4
     f14:	28 21 00 00 	lw r1,(r1+0)
     f18:	34 03 ff ff 	mvi r3,-1
     f1c:	34 02 ff d4 	mvi r2,-44
     f20:	30 23 00 01 	sb (r1+1),r3
     f24:	30 22 00 00 	sb (r1+0),r2
     f28:	34 02 00 06 	mvi r2,6
     f2c:	30 22 00 03 	sb (r1+3),r2
     f30:	30 23 00 01 	sb (r1+1),r3
     f34:	34 04 ff d5 	mvi r4,-43
     f38:	30 24 00 00 	sb (r1+0),r4
     f3c:	30 22 00 03 	sb (r1+3),r2
     f40:	30 23 00 01 	sb (r1+1),r3
     f44:	34 04 ff d6 	mvi r4,-42
     f48:	30 24 00 00 	sb (r1+0),r4
     f4c:	30 22 00 03 	sb (r1+3),r2
     f50:	30 23 00 01 	sb (r1+1),r3
     f54:	34 03 ff d7 	mvi r3,-41
     f58:	30 23 00 00 	sb (r1+0),r3
     f5c:	30 22 00 03 	sb (r1+3),r2
     f60:	34 03 ff a0 	mvi r3,-96
     f64:	e3 ff ff 9e 	bi ddc <LCD_delay+0x74>
     f68:	78 01 00 00 	mvhi r1,0x0
     f6c:	38 21 15 a4 	ori r1,r1,0x15a4
     f70:	28 21 00 00 	lw r1,(r1+0)
     f74:	34 03 ff ff 	mvi r3,-1
     f78:	34 02 ff d4 	mvi r2,-44
     f7c:	30 23 00 01 	sb (r1+1),r3
     f80:	30 22 00 00 	sb (r1+0),r2
     f84:	34 02 00 06 	mvi r2,6
     f88:	30 22 00 03 	sb (r1+3),r2
     f8c:	30 23 00 01 	sb (r1+1),r3
     f90:	34 04 ff d5 	mvi r4,-43
     f94:	30 24 00 00 	sb (r1+0),r4
     f98:	30 22 00 03 	sb (r1+3),r2
     f9c:	30 23 00 01 	sb (r1+1),r3
     fa0:	34 04 ff d6 	mvi r4,-42
     fa4:	30 24 00 00 	sb (r1+0),r4
     fa8:	30 22 00 03 	sb (r1+3),r2
     fac:	30 23 00 01 	sb (r1+1),r3
     fb0:	34 04 ff d7 	mvi r4,-41
     fb4:	30 24 00 00 	sb (r1+0),r4
     fb8:	30 22 00 03 	sb (r1+3),r2
     fbc:	30 23 00 01 	sb (r1+1),r3
     fc0:	34 03 ff d8 	mvi r3,-40
     fc4:	30 23 00 00 	sb (r1+0),r3
     fc8:	30 22 00 03 	sb (r1+3),r2
     fcc:	34 03 ff a0 	mvi r3,-96
     fd0:	30 23 00 01 	sb (r1+1),r3
     fd4:	34 04 ff d9 	mvi r4,-39
     fd8:	30 24 00 00 	sb (r1+0),r4
     fdc:	30 22 00 03 	sb (r1+3),r2
     fe0:	e3 ff ff 87 	bi dfc <LCD_delay+0x94>
     fe4:	78 01 00 00 	mvhi r1,0x0
     fe8:	38 21 15 a4 	ori r1,r1,0x15a4
     fec:	28 21 00 00 	lw r1,(r1+0)
     ff0:	34 03 ff ff 	mvi r3,-1
     ff4:	34 02 ff d4 	mvi r2,-44
     ff8:	30 23 00 01 	sb (r1+1),r3
     ffc:	30 22 00 00 	sb (r1+0),r2
    1000:	34 02 00 06 	mvi r2,6
    1004:	30 22 00 03 	sb (r1+3),r2
    1008:	30 23 00 01 	sb (r1+1),r3
    100c:	34 04 ff d5 	mvi r4,-43
    1010:	30 24 00 00 	sb (r1+0),r4
    1014:	30 22 00 03 	sb (r1+3),r2
    1018:	30 23 00 01 	sb (r1+1),r3
    101c:	34 04 ff d6 	mvi r4,-42
    1020:	30 24 00 00 	sb (r1+0),r4
    1024:	30 22 00 03 	sb (r1+3),r2
    1028:	30 23 00 01 	sb (r1+1),r3
    102c:	34 04 ff d7 	mvi r4,-41
    1030:	30 24 00 00 	sb (r1+0),r4
    1034:	30 22 00 03 	sb (r1+3),r2
    1038:	30 23 00 01 	sb (r1+1),r3
    103c:	34 04 ff d8 	mvi r4,-40
    1040:	30 24 00 00 	sb (r1+0),r4
    1044:	30 22 00 03 	sb (r1+3),r2
    1048:	30 23 00 01 	sb (r1+1),r3
    104c:	34 03 ff d9 	mvi r3,-39
    1050:	30 23 00 00 	sb (r1+0),r3
    1054:	30 22 00 03 	sb (r1+3),r2
    1058:	34 03 ff a0 	mvi r3,-96
    105c:	e3 ff ff 68 	bi dfc <LCD_delay+0x94>
    1060:	78 01 00 00 	mvhi r1,0x0
    1064:	38 21 15 a4 	ori r1,r1,0x15a4
    1068:	28 21 00 00 	lw r1,(r1+0)
    106c:	34 03 ff ff 	mvi r3,-1
    1070:	34 02 ff d4 	mvi r2,-44
    1074:	30 23 00 01 	sb (r1+1),r3
    1078:	30 22 00 00 	sb (r1+0),r2
    107c:	34 02 00 06 	mvi r2,6
    1080:	30 22 00 03 	sb (r1+3),r2
    1084:	30 23 00 01 	sb (r1+1),r3
    1088:	34 04 ff d5 	mvi r4,-43
    108c:	30 24 00 00 	sb (r1+0),r4
    1090:	30 22 00 03 	sb (r1+3),r2
    1094:	30 23 00 01 	sb (r1+1),r3
    1098:	34 04 ff d6 	mvi r4,-42
    109c:	30 24 00 00 	sb (r1+0),r4
    10a0:	30 22 00 03 	sb (r1+3),r2
    10a4:	30 23 00 01 	sb (r1+1),r3
    10a8:	34 04 ff d7 	mvi r4,-41
    10ac:	30 24 00 00 	sb (r1+0),r4
    10b0:	30 22 00 03 	sb (r1+3),r2
    10b4:	30 23 00 01 	sb (r1+1),r3
    10b8:	34 04 ff d8 	mvi r4,-40
    10bc:	30 24 00 00 	sb (r1+0),r4
    10c0:	30 22 00 03 	sb (r1+3),r2
    10c4:	30 23 00 01 	sb (r1+1),r3
    10c8:	34 04 ff d9 	mvi r4,-39
    10cc:	30 24 00 00 	sb (r1+0),r4
    10d0:	30 22 00 03 	sb (r1+3),r2
    10d4:	30 23 00 01 	sb (r1+1),r3
    10d8:	34 03 ff da 	mvi r3,-38
    10dc:	30 23 00 00 	sb (r1+0),r3
    10e0:	30 22 00 03 	sb (r1+3),r2
    10e4:	34 03 ff a0 	mvi r3,-96
    10e8:	30 23 00 01 	sb (r1+1),r3
    10ec:	34 03 ff db 	mvi r3,-37
    10f0:	30 23 00 00 	sb (r1+0),r3
    10f4:	30 22 00 03 	sb (r1+3),r2
    10f8:	c3 a0 00 00 	ret

000010fc <LCD_Stop>:
    10fc:	78 01 00 00 	mvhi r1,0x0
    1100:	38 21 15 a4 	ori r1,r1,0x15a4
    1104:	28 21 00 00 	lw r1,(r1+0)
    1108:	34 02 00 00 	mvi r2,0
    110c:	30 22 00 03 	sb (r1+3),r2
    1110:	c3 a0 00 00 	ret

00001114 <Eff_Status>:
    1114:	37 9c ff fc 	addi sp,sp,-4
    1118:	78 01 00 00 	mvhi r1,0x0
    111c:	38 21 15 98 	ori r1,r1,0x1598
    1120:	28 21 00 00 	lw r1,(r1+0)
    1124:	28 21 00 14 	lw r1,(r1+20)
    1128:	5b 81 00 04 	sw (sp+4),r1
    112c:	2b 81 00 04 	lw r1,(sp+4)
    1130:	37 9c 00 04 	addi sp,sp,4
    1134:	c3 a0 00 00 	ret

00001138 <Eff_Echo_read>:
    1138:	37 9c ff fc 	addi sp,sp,-4
    113c:	78 01 00 00 	mvhi r1,0x0
    1140:	38 21 15 98 	ori r1,r1,0x1598
    1144:	28 21 00 00 	lw r1,(r1+0)
    1148:	28 21 00 04 	lw r1,(r1+4)
    114c:	5b 81 00 04 	sw (sp+4),r1
    1150:	2b 81 00 04 	lw r1,(sp+4)
    1154:	37 9c 00 04 	addi sp,sp,4
    1158:	c3 a0 00 00 	ret

0000115c <Eff_Flang_read_up>:
    115c:	37 9c ff fc 	addi sp,sp,-4
    1160:	78 01 00 00 	mvhi r1,0x0
    1164:	38 21 15 98 	ori r1,r1,0x1598
    1168:	28 21 00 00 	lw r1,(r1+0)
    116c:	28 21 00 0c 	lw r1,(r1+12)
    1170:	5b 81 00 04 	sw (sp+4),r1
    1174:	2b 81 00 04 	lw r1,(sp+4)
    1178:	37 9c 00 04 	addi sp,sp,4
    117c:	c3 a0 00 00 	ret

00001180 <Eff_Flang_read_low>:
    1180:	37 9c ff fc 	addi sp,sp,-4
    1184:	78 01 00 00 	mvhi r1,0x0
    1188:	38 21 15 98 	ori r1,r1,0x1598
    118c:	28 21 00 00 	lw r1,(r1+0)
    1190:	28 21 00 10 	lw r1,(r1+16)
    1194:	5b 81 00 04 	sw (sp+4),r1
    1198:	2b 81 00 04 	lw r1,(sp+4)
    119c:	37 9c 00 04 	addi sp,sp,4
    11a0:	c3 a0 00 00 	ret

000011a4 <Eff_Increase_Echo>:
    11a4:	37 9c ff f8 	addi sp,sp,-8
    11a8:	78 01 00 00 	mvhi r1,0x0
    11ac:	38 21 15 98 	ori r1,r1,0x1598
    11b0:	28 21 00 00 	lw r1,(r1+0)
    11b4:	34 03 1b 58 	mvi r3,7000
    11b8:	28 22 00 04 	lw r2,(r1+4)
    11bc:	5b 82 00 04 	sw (sp+4),r2
    11c0:	2b 82 00 04 	lw r2,(sp+4)
    11c4:	5b 82 00 08 	sw (sp+8),r2
    11c8:	2b 82 00 08 	lw r2,(sp+8)
    11cc:	50 62 00 07 	bgeu r3,r2,11e8 <Eff_Increase_Echo+0x44>
    11d0:	34 02 00 00 	mvi r2,0
    11d4:	5b 82 00 08 	sw (sp+8),r2
    11d8:	34 02 1f 40 	mvi r2,8000
    11dc:	58 22 00 04 	sw (r1+4),r2
    11e0:	37 9c 00 08 	addi sp,sp,8
    11e4:	c3 a0 00 00 	ret
    11e8:	2b 82 00 08 	lw r2,(sp+8)
    11ec:	34 42 03 e8 	addi r2,r2,1000
    11f0:	58 22 00 04 	sw (r1+4),r2
    11f4:	37 9c 00 08 	addi sp,sp,8
    11f8:	c3 a0 00 00 	ret

000011fc <Eff_Decrease_Echo>:
    11fc:	37 9c ff f8 	addi sp,sp,-8
    1200:	78 01 00 00 	mvhi r1,0x0
    1204:	38 21 15 98 	ori r1,r1,0x1598
    1208:	28 21 00 00 	lw r1,(r1+0)
    120c:	28 22 00 04 	lw r2,(r1+4)
    1210:	5b 82 00 04 	sw (sp+4),r2
    1214:	2b 82 00 04 	lw r2,(sp+4)
    1218:	5b 82 00 08 	sw (sp+8),r2
    121c:	2b 83 00 08 	lw r3,(sp+8)
    1220:	34 02 05 db 	mvi r2,1499
    1224:	54 62 00 07 	bgu r3,r2,1240 <Eff_Decrease_Echo+0x44>
    1228:	34 02 00 00 	mvi r2,0
    122c:	5b 82 00 08 	sw (sp+8),r2
    1230:	34 02 03 e8 	mvi r2,1000
    1234:	58 22 00 04 	sw (r1+4),r2
    1238:	37 9c 00 08 	addi sp,sp,8
    123c:	c3 a0 00 00 	ret
    1240:	2b 82 00 08 	lw r2,(sp+8)
    1244:	34 42 fc 18 	addi r2,r2,-1000
    1248:	58 22 00 04 	sw (r1+4),r2
    124c:	37 9c 00 08 	addi sp,sp,8
    1250:	c3 a0 00 00 	ret

00001254 <Eff_Increase_Flang_up>:
    1254:	37 9c ff f8 	addi sp,sp,-8
    1258:	78 01 00 00 	mvhi r1,0x0
    125c:	38 21 15 98 	ori r1,r1,0x1598
    1260:	28 21 00 00 	lw r1,(r1+0)
    1264:	34 02 01 68 	mvi r2,360
    1268:	28 23 00 0c 	lw r3,(r1+12)
    126c:	5b 83 00 04 	sw (sp+4),r3
    1270:	2b 83 00 04 	lw r3,(sp+4)
    1274:	5b 83 00 08 	sw (sp+8),r3
    1278:	2b 83 00 08 	lw r3,(sp+8)
    127c:	50 43 00 06 	bgeu r2,r3,1294 <Eff_Increase_Flang_up+0x40>
    1280:	34 03 00 00 	mvi r3,0
    1284:	5b 83 00 08 	sw (sp+8),r3
    1288:	58 22 00 0c 	sw (r1+12),r2
    128c:	37 9c 00 08 	addi sp,sp,8
    1290:	c3 a0 00 00 	ret
    1294:	2b 82 00 08 	lw r2,(sp+8)
    1298:	34 42 00 28 	addi r2,r2,40
    129c:	58 22 00 0c 	sw (r1+12),r2
    12a0:	37 9c 00 08 	addi sp,sp,8
    12a4:	c3 a0 00 00 	ret

000012a8 <Eff_Decrease_Flang_up>:
    12a8:	37 9c ff f8 	addi sp,sp,-8
    12ac:	78 01 00 00 	mvhi r1,0x0
    12b0:	38 21 15 98 	ori r1,r1,0x1598
    12b4:	28 21 00 00 	lw r1,(r1+0)
    12b8:	28 22 00 0c 	lw r2,(r1+12)
    12bc:	5b 82 00 04 	sw (sp+4),r2
    12c0:	2b 82 00 04 	lw r2,(sp+4)
    12c4:	5b 82 00 08 	sw (sp+8),r2
    12c8:	2b 83 00 08 	lw r3,(sp+8)
    12cc:	34 02 00 27 	mvi r2,39
    12d0:	54 62 00 07 	bgu r3,r2,12ec <Eff_Decrease_Flang_up+0x44>
    12d4:	34 02 00 00 	mvi r2,0
    12d8:	5b 82 00 08 	sw (sp+8),r2
    12dc:	34 02 00 28 	mvi r2,40
    12e0:	58 22 00 0c 	sw (r1+12),r2
    12e4:	37 9c 00 08 	addi sp,sp,8
    12e8:	c3 a0 00 00 	ret
    12ec:	2b 82 00 08 	lw r2,(sp+8)
    12f0:	34 42 ff d8 	addi r2,r2,-40
    12f4:	58 22 00 0c 	sw (r1+12),r2
    12f8:	37 9c 00 08 	addi sp,sp,8
    12fc:	c3 a0 00 00 	ret

00001300 <Effects_Clean>:
    1300:	78 01 00 00 	mvhi r1,0x0
    1304:	38 21 15 98 	ori r1,r1,0x1598
    1308:	28 21 00 00 	lw r1,(r1+0)
    130c:	34 02 00 01 	mvi r2,1
    1310:	58 22 00 00 	sw (r1+0),r2
    1314:	58 22 00 04 	sw (r1+4),r2
    1318:	c3 a0 00 00 	ret

0000131c <Effects_Echo>:
    131c:	78 01 00 00 	mvhi r1,0x0
    1320:	38 21 15 98 	ori r1,r1,0x1598
    1324:	28 21 00 00 	lw r1,(r1+0)
    1328:	34 02 00 01 	mvi r2,1
    132c:	58 22 00 00 	sw (r1+0),r2
    1330:	c3 a0 00 00 	ret

00001334 <Effects_Flanger>:
    1334:	78 01 00 00 	mvhi r1,0x0
    1338:	38 21 15 98 	ori r1,r1,0x1598
    133c:	28 21 00 00 	lw r1,(r1+0)
    1340:	34 02 00 02 	mvi r2,2
    1344:	58 22 00 00 	sw (r1+0),r2
    1348:	c3 a0 00 00 	ret

0000134c <Effects_delay1>:
    134c:	78 02 00 00 	mvhi r2,0x0
    1350:	38 42 15 98 	ori r2,r2,0x1598
    1354:	28 42 00 00 	lw r2,(r2+0)
    1358:	58 41 00 04 	sw (r2+4),r1
    135c:	c3 a0 00 00 	ret

00001360 <Effects_delay2>:
    1360:	78 02 00 00 	mvhi r2,0x0
    1364:	38 42 15 98 	ori r2,r2,0x1598
    1368:	28 42 00 00 	lw r2,(r2+0)
    136c:	58 41 00 08 	sw (r2+8),r1
    1370:	c3 a0 00 00 	ret

00001374 <Flanger_up_limit>:
    1374:	78 02 00 00 	mvhi r2,0x0
    1378:	38 42 15 98 	ori r2,r2,0x1598
    137c:	28 42 00 00 	lw r2,(r2+0)
    1380:	58 41 00 0c 	sw (r2+12),r1
    1384:	c3 a0 00 00 	ret

00001388 <Flanger_low_limit>:
    1388:	78 02 00 00 	mvhi r2,0x0
    138c:	38 42 15 98 	ori r2,r2,0x1598
    1390:	28 42 00 00 	lw r2,(r2+0)
    1394:	58 41 00 10 	sw (r2+16),r1
    1398:	c3 a0 00 00 	ret

0000139c <uart_init>:
    139c:	c3 a0 00 00 	ret

000013a0 <uart_getchar>:
    13a0:	78 01 00 00 	mvhi r1,0x0
    13a4:	38 21 15 94 	ori r1,r1,0x1594
    13a8:	28 22 00 00 	lw r2,(r1+0)
    13ac:	28 41 00 00 	lw r1,(r2+0)
    13b0:	20 21 00 01 	andi r1,r1,0x1
    13b4:	44 20 ff fe 	be r1,r0,13ac <uart_getchar+0xc>
    13b8:	28 41 00 04 	lw r1,(r2+4)
    13bc:	20 21 00 ff 	andi r1,r1,0xff
    13c0:	c3 a0 00 00 	ret

000013c4 <uart_putchar>:
    13c4:	78 02 00 00 	mvhi r2,0x0
    13c8:	38 42 15 94 	ori r2,r2,0x1594
    13cc:	28 43 00 00 	lw r3,(r2+0)
    13d0:	20 21 00 ff 	andi r1,r1,0xff
    13d4:	28 62 00 00 	lw r2,(r3+0)
    13d8:	20 42 00 10 	andi r2,r2,0x10
    13dc:	5c 40 ff fe 	bne r2,r0,13d4 <uart_putchar+0x10>
    13e0:	58 61 00 04 	sw (r3+4),r1
    13e4:	c3 a0 00 00 	ret

000013e8 <uart_putstr>:
    13e8:	40 24 00 00 	lbu r4,(r1+0)
    13ec:	44 80 00 0b 	be r4,r0,1418 <uart_putstr+0x30>
    13f0:	78 02 00 00 	mvhi r2,0x0
    13f4:	38 42 15 94 	ori r2,r2,0x1594
    13f8:	28 43 00 00 	lw r3,(r2+0)
    13fc:	28 62 00 00 	lw r2,(r3+0)
    1400:	20 42 00 10 	andi r2,r2,0x10
    1404:	5c 40 ff fe 	bne r2,r0,13fc <uart_putstr+0x14>
    1408:	58 64 00 04 	sw (r3+4),r4
    140c:	34 21 00 01 	addi r1,r1,1
    1410:	40 24 00 00 	lbu r4,(r1+0)
    1414:	5c 82 ff fa 	bne r4,r2,13fc <uart_putstr+0x14>
    1418:	c3 a0 00 00 	ret

0000141c <pwm_enable>:
    141c:	78 01 00 00 	mvhi r1,0x0
    1420:	38 21 15 ac 	ori r1,r1,0x15ac
    1424:	28 21 00 00 	lw r1,(r1+0)
    1428:	34 02 00 01 	mvi r2,1
    142c:	58 22 00 00 	sw (r1+0),r2
    1430:	c3 a0 00 00 	ret

00001434 <pwm_freq_div>:
    1434:	78 02 00 00 	mvhi r2,0x0
    1438:	38 42 15 ac 	ori r2,r2,0x15ac
    143c:	28 42 00 00 	lw r2,(r2+0)
    1440:	58 41 00 04 	sw (r2+4),r1
    1444:	c3 a0 00 00 	ret

00001448 <pwm_time_add>:
    1448:	78 02 00 00 	mvhi r2,0x0
    144c:	38 42 15 ac 	ori r2,r2,0x15ac
    1450:	28 42 00 00 	lw r2,(r2+0)
    1454:	58 41 00 08 	sw (r2+8),r1
    1458:	c3 a0 00 00 	ret

0000145c <pwm_cycle_adder>:
    145c:	78 02 00 00 	mvhi r2,0x0
    1460:	38 42 15 ac 	ori r2,r2,0x15ac
    1464:	28 42 00 00 	lw r2,(r2+0)
    1468:	58 41 00 0c 	sw (r2+12),r1
    146c:	c3 a0 00 00 	ret

00001470 <pwm_195khz>:
    1470:	78 01 00 00 	mvhi r1,0x0
    1474:	38 21 15 ac 	ori r1,r1,0x15ac
    1478:	28 21 00 00 	lw r1,(r1+0)
    147c:	34 02 00 01 	mvi r2,1
    1480:	34 03 01 00 	mvi r3,256
    1484:	58 22 00 00 	sw (r1+0),r2
    1488:	58 23 00 04 	sw (r1+4),r3
    148c:	58 22 00 08 	sw (r1+8),r2
    1490:	34 02 00 02 	mvi r2,2
    1494:	58 22 00 0c 	sw (r1+12),r2
    1498:	c3 a0 00 00 	ret

0000149c <pwm_max>:
    149c:	78 01 00 00 	mvhi r1,0x0
    14a0:	38 21 15 ac 	ori r1,r1,0x15ac
    14a4:	28 21 00 00 	lw r1,(r1+0)
    14a8:	34 03 02 00 	mvi r3,512
    14ac:	34 02 00 01 	mvi r2,1
    14b0:	58 23 00 04 	sw (r1+4),r3
    14b4:	58 22 00 08 	sw (r1+8),r2
    14b8:	58 22 00 0c 	sw (r1+12),r2
    14bc:	c3 a0 00 00 	ret

000014c0 <ADC_Instruction>:
    14c0:	78 03 00 00 	mvhi r3,0x0
    14c4:	38 63 15 a0 	ori r3,r3,0x15a0
    14c8:	28 63 00 00 	lw r3,(r3+0)
    14cc:	20 21 00 ff 	andi r1,r1,0xff
    14d0:	20 42 00 ff 	andi r2,r2,0xff
    14d4:	30 61 00 03 	sb (r3+3),r1
    14d8:	30 62 00 04 	sb (r3+4),r2
    14dc:	c3 a0 00 00 	ret

000014e0 <set_gainb>:
    14e0:	78 02 00 00 	mvhi r2,0x0
    14e4:	38 42 15 a8 	ori r2,r2,0x15a8
    14e8:	28 42 00 00 	lw r2,(r2+0)
    14ec:	58 41 00 00 	sw (r2+0),r1
    14f0:	c3 a0 00 00 	ret

000014f4 <set_gainh>:
    14f4:	78 02 00 00 	mvhi r2,0x0
    14f8:	38 42 15 a8 	ori r2,r2,0x15a8
    14fc:	28 42 00 00 	lw r2,(r2+0)
    1500:	58 41 00 04 	sw (r2+4),r1
    1504:	c3 a0 00 00 	ret

00001508 <getecual_gainh>:
    1508:	78 01 00 00 	mvhi r1,0x0
    150c:	38 21 15 a8 	ori r1,r1,0x15a8
    1510:	28 21 00 00 	lw r1,(r1+0)
    1514:	28 21 00 04 	lw r1,(r1+4)
    1518:	c3 a0 00 00 	ret

0000151c <getecual_gainb>:
    151c:	78 01 00 00 	mvhi r1,0x0
    1520:	38 21 15 a8 	ori r1,r1,0x15a8
    1524:	28 21 00 00 	lw r1,(r1+0)
    1528:	28 21 00 00 	lw r1,(r1+0)
    152c:	c3 a0 00 00 	ret

00001530 <get_gpioin>:
    1530:	78 01 00 00 	mvhi r1,0x0
    1534:	38 21 15 9c 	ori r1,r1,0x159c
    1538:	28 21 00 00 	lw r1,(r1+0)
    153c:	28 21 00 00 	lw r1,(r1+0)
    1540:	c3 a0 00 00 	ret

00001544 <get_gpioout>:
    1544:	78 01 00 00 	mvhi r1,0x0
    1548:	38 21 15 9c 	ori r1,r1,0x159c
    154c:	28 21 00 00 	lw r1,(r1+0)
    1550:	28 21 00 04 	lw r1,(r1+4)
    1554:	c3 a0 00 00 	ret

00001558 <irq_handler>:
    1558:	37 9c ff fc 	addi sp,sp,-4
    155c:	5b 9d 00 04 	sw (sp+4),ra
    1560:	fb ff fb 2a 	calli 208 <gpio_isr>
    1564:	2b 9d 00 04 	lw ra,(sp+4)
    1568:	37 9c 00 04 	addi sp,sp,4
    156c:	c3 a0 00 00 	ret
