 Compiling verilog file "/media/OS/Users/Juan/Documents/Unal/Digital
2/testpwm/top.v"
QLayout: Adding QSplitter/splitter (child of Sed_TqView/unnamed) to layout for Sed_TqViewImpSplit/Sed_TqViewImp
QLayout: Adding QSplitter/splitter (child of Sed_TqView/unnamed) to layout for Sed_TqViewImpSplit/Sed_TqViewImp
QLayout: Adding QSplitter/splitter (child of Sed_TqView/unnamed) to layout for Sed_TqViewImpSplit/Sed_TqViewImp
Compiling verilog file "/media/OS/Users/Juan/Documents/Unal/Digital
2/testpwm/top.v"
   QLayout: Adding QSplitter/splitter (child of Sed_TqView/unnamed) to layout for Sed_TqViewImpSplit/Sed_TqViewImp
QLayout: Adding QSplitter/splitter (child of Sed_TqView/unnamed) to layout for Sed_TqViewImpSplit/Sed_TqViewImp
QThread object destroyed while thread is still running.
QThread object destroyed while thread is still running.
QThread object destroyed while thread is still running.
QThread object destroyed while thread is still running.
QThread object destroyed while thread is still running.
QThread object destroyed while thread is still running.
QThread object destroyed while thread is still running.
QThread object destroyed while thread is still running.
QThread object destroyed while thread is still running.
QThread object destroyed while thread is still running.
QThread object destroyed while thread is still running.
QThread object destroyed while thread is still running.
QThread object destroyed while thread is still running.
QThread object destroyed while thread is still running.
QThread object destroyed while thread is still running.
QThread object destroyed while thread is still running.
QThread object destroyed while thread is still running.
QThread object destroyed while thread is still running.
QThread object destroyed while thread is still running.
QThread object destroyed while thread is still running.
QThread object destroyed while thread is still running.
QThread object destroyed while thread is still running.
QThread object destroyed while thread is still running.
QThread object destroyed while thread is still running.
QThread object destroyed while thread is still running.
QThread object destroyed while thread is still running.
QThread object destroyed while thread is still running.
QThread object destroyed while thread is still running.
QThread object destroyed while thread is still running.
